2011-09-20 00:02:19,244 [Thread-7] ERROR StackTrace  - Full Stack Trace:
javax.naming.NameNotFoundException: Name org.codehaus.groovy.grails.orm.hibernate.ConfigurableLocalSessionFactoryBean is not bound in this Context
	at org.apache.naming.NamingContext.unbind(NamingContext.java:265)
	at org.apache.naming.NamingContext.unbind(NamingContext.java:294)
	at org.apache.naming.SelectorContext.unbind(SelectorContext.java:270)
	at javax.naming.InitialContext.unbind(InitialContext.java:416)
	at org.hibernate.impl.SessionFactoryObjectFactory.removeInstance(SessionFactoryObjectFactory.java:139)
	at org.hibernate.impl.SessionFactoryImpl.close(SessionFactoryImpl.java:968)
	at org.springframework.orm.hibernate3.SessionFactoryBuilderSupport.closeHibernateSessionFactory(SessionFactoryBuilderSupport.java:1451)
	at org.springframework.orm.hibernate3.SessionFactoryBeanDelegate.destroy(SessionFactoryBeanDelegate.java:116)
	at org.springframework.orm.hibernate3.LocalSessionFactoryBean.destroy(LocalSessionFactoryBean.java:76)
	at org.codehaus.groovy.grails.orm.hibernate.ConfigurableLocalSessionFactoryBean.destroy(ConfigurableLocalSessionFactoryBean.java:209)
	at org.springframework.beans.factory.support.DisposableBeanAdapter.destroy(DisposableBeanAdapter.java:184)
	at org.springframework.beans.factory.support.DefaultSingletonBeanRegistry.destroyBean(DefaultSingletonBeanRegistry.java:498)
	at org.springframework.beans.factory.support.DefaultSingletonBeanRegistry.destroySingleton(DefaultSingletonBeanRegistry.java:474)
	at org.springframework.beans.factory.support.DefaultSingletonBeanRegistry.destroyBean(DefaultSingletonBeanRegistry.java:509)
	at org.springframework.beans.factory.support.DefaultSingletonBeanRegistry.destroySingleton(DefaultSingletonBeanRegistry.java:474)
	at org.springframework.beans.factory.support.DefaultListableBeanFactory.resetBeanDefinition(DefaultListableBeanFactory.java:664)
	at org.springframework.beans.factory.support.DefaultListableBeanFactory.removeBeanDefinition(DefaultListableBeanFactory.java:647)
	at org.springframework.context.support.GenericApplicationContext.removeBeanDefinition(GenericApplicationContext.java:298)
	at sun.reflect.NativeMethodAccessorImpl.invoke0(Native Method)
	at sun.reflect.NativeMethodAccessorImpl.invoke(NativeMethodAccessorImpl.java:39)
	at sun.reflect.DelegatingMethodAccessorImpl.invoke(DelegatingMethodAccessorImpl.java:25)
	at java.lang.reflect.Method.invoke(Method.java:597)
	at com.springsource.loaded.ri.ReflectiveInterceptor.jlrMethodInvoke(ReflectiveInterceptor.java:1165)
	at org.codehaus.groovy.reflection.CachedMethod.invoke(CachedMethod.java:90)
	at groovy.lang.MetaMethod.doMethodInvoke(MetaMethod.java:233)
	at groovy.lang.MetaClassImpl.invokeMethod(MetaClassImpl.java:1053)
	at groovy.lang.ExpandoMetaClass.invokeMethod(ExpandoMetaClass.java:1071)
	at groovy.lang.MetaClassImpl.invokeMethod(MetaClassImpl.java:883)
	at org.codehaus.groovy.grails.commons.spring.DefaultRuntimeSpringConfiguration.removeBeanDefinition(DefaultRuntimeSpringConfiguration.java:337)
	at org.codehaus.groovy.grails.commons.spring.DefaultRuntimeSpringConfiguration.registerBeanConfigsWithRegistry(DefaultRuntimeSpringConfiguration.java:279)
	at org.codehaus.groovy.grails.commons.spring.DefaultRuntimeSpringConfiguration.registerBeansWithRegistry(DefaultRuntimeSpringConfiguration.java:251)
	at grails.spring.BeanBuilder.registerBeans(BeanBuilder.java:482)
	at grails.spring.BeanBuilder$registerBeans.call(Unknown Source)
	at org.codehaus.groovy.grails.plugins.orm.hibernate.HibernatePluginSupport$__clinit__closure14.doCall(HibernatePluginSupport.groovy:348)
	at sun.reflect.NativeMethodAccessorImpl.invoke0(Native Method)
	at sun.reflect.NativeMethodAccessorImpl.invoke(NativeMethodAccessorImpl.java:39)
	at sun.reflect.DelegatingMethodAccessorImpl.invoke(DelegatingMethodAccessorImpl.java:25)
	at java.lang.reflect.Method.invoke(Method.java:597)
	at com.springsource.loaded.ri.ReflectiveInterceptor.jlrMethodInvoke(ReflectiveInterceptor.java:1165)
	at org.codehaus.groovy.reflection.CachedMethod.invoke(CachedMethod.java:90)
	at groovy.lang.MetaMethod.doMethodInvoke(MetaMethod.java:233)
	at org.codehaus.groovy.runtime.metaclass.ClosureMetaClass.invokeMethod(ClosureMetaClass.java:272)
	at groovy.lang.MetaClassImpl.invokeMethod(MetaClassImpl.java:883)
	at groovy.lang.Closure.call(Closure.java:410)
	at org.codehaus.groovy.grails.plugins.DefaultGrailsPlugin.invokeOnChangeListener(DefaultGrailsPlugin.java:784)
	at org.codehaus.groovy.grails.plugins.DefaultGrailsPlugin.notifyOfEvent(DefaultGrailsPlugin.java:735)
	at org.codehaus.groovy.grails.plugins.DefaultGrailsPluginManager.informObservers(DefaultGrailsPluginManager.java:228)
	at org.codehaus.groovy.grails.plugins.DefaultGrailsPlugin.notifyOfEvent(DefaultGrailsPlugin.java:751)
	at org.codehaus.groovy.grails.plugins.AbstractGrailsPluginManager.informOfClassChange(AbstractGrailsPluginManager.java:384)
	at org.codehaus.groovy.grails.compiler.GrailsProjectWatcher$2.run(GrailsProjectWatcher.java:196)
	at org.codehaus.groovy.grails.compiler.GrailsProjectWatcher.firePendingClassChangeEvents(GrailsProjectWatcher.java:95)
	at org.codehaus.groovy.grails.cli.agent.GrailsPluginManagerReloadPlugin.reloadEvent(GrailsPluginManagerReloadPlugin.java:40)
	at com.springsource.loaded.TypeRegistry.fireReloadEvent(TypeRegistry.java:1540)
	at com.springsource.loaded.ReloadableType.loadNewVersion(ReloadableType.java:328)
	at com.springsource.loaded.TypeRegistry.loadNewVersion(TypeRegistry.java:765)
	at com.springsource.loaded.agent.ReloadableFileChangeListener.fileChanged(ReloadableFileChangeListener.java:38)
	at com.springsource.loaded.agent.Watcher.determineChangesSince(FileSystemWatcher.java:101)
	at com.springsource.loaded.agent.Watcher.run(FileSystemWatcher.java:87)
	at java.lang.Thread.run(Thread.java:680)
2011-09-20 00:02:19,249 [Thread-7] ERROR StackTrace  - Full Stack Trace:
javax.naming.NameNotFoundException: Name org.codehaus.groovy.grails.orm.hibernate.ConfigurableLocalSessionFactoryBean is not bound in this Context
	at org.apache.naming.NamingContext.unbind(NamingContext.java:265)
	at org.apache.naming.NamingContext.unbind(NamingContext.java:294)
	at org.apache.naming.SelectorContext.unbind(SelectorContext.java:270)
	at javax.naming.InitialContext.unbind(InitialContext.java:416)
	at grails.spring.BeanBuilder.registerBeans(BeanBuilder.java:482)
	at java.lang.Thread.run(Thread.java:680)
2011-09-20 00:02:28,822 ["http-bio-8080"-exec-2] ERROR StackTrace  - Full Stack Trace:
groovy.lang.MissingMethodException: No signature of method: jugmotors.Pedido.addToOpcionais() is applicable for argument types: (jugmotors.Opcional) values: [jugmotors.Opcional(Teto solar, 4500.00)]
Possible solutions: getOpcionais()
	at org.codehaus.groovy.runtime.ScriptBytecodeAdapter.unwrap(ScriptBytecodeAdapter.java:55)
	at org.codehaus.groovy.runtime.callsite.ConstructorSite$ConstructorSiteNoUnwrapNoCoerce.callConstructor(ConstructorSite.java:104)
	at org.codehaus.groovy.runtime.callsite.CallSiteArray.defaultCallConstructor(CallSiteArray.java:54)
	at org.codehaus.groovy.runtime.callsite.ConstructorSite$ConstructorSiteNoUnwrapNoCoerce.callConstructor(ConstructorSite.java:107)
	at org.codehaus.groovy.runtime.callsite.AbstractCallSite.callConstructor(AbstractCallSite.java:190)
	at jugmotors.PedidoController.save(PedidoController.groovy:36)
	at sun.reflect.NativeMethodAccessorImpl.invoke0(Native Method)
	at sun.reflect.NativeMethodAccessorImpl.invoke(NativeMethodAccessorImpl.java:39)
	at sun.reflect.DelegatingMethodAccessorImpl.invoke(DelegatingMethodAccessorImpl.java:25)
	at java.lang.reflect.Method.invoke(Method.java:597)
	at com.springsource.loaded.ri.OriginalClassInvoker.invoke(OriginalClassInvoker.java:35)
	at com.springsource.loaded.ri.ReflectiveInterceptor.jlrMethodInvoke(ReflectiveInterceptor.java:1188)
	at org.codehaus.groovy.grails.web.servlet.mvc.MixedGrailsControllerHelper.invoke(MixedGrailsControllerHelper.java:67)
	at org.codehaus.groovy.grails.web.servlet.mvc.AbstractGrailsControllerHelper.handleAction(AbstractGrailsControllerHelper.java:330)
	at org.codehaus.groovy.grails.web.servlet.mvc.AbstractGrailsControllerHelper.executeAction(AbstractGrailsControllerHelper.java:211)
	at org.codehaus.groovy.grails.web.servlet.mvc.AbstractGrailsControllerHelper.handleURI(AbstractGrailsControllerHelper.java:177)
	at org.codehaus.groovy.grails.web.servlet.mvc.AbstractGrailsControllerHelper.handleURI(AbstractGrailsControllerHelper.java:116)
	at org.codehaus.groovy.grails.web.servlet.mvc.SimpleGrailsController.handleRequest(SimpleGrailsController.java:72)
	at org.springframework.web.servlet.mvc.SimpleControllerHandlerAdapter.handle(SimpleControllerHandlerAdapter.java:48)
	at org.codehaus.groovy.grails.web.servlet.GrailsDispatcherServlet.doDispatch(GrailsDispatcherServlet.java:317)
	at org.springframework.web.servlet.DispatcherServlet.doService(DispatcherServlet.java:792)
	at org.springframework.web.servlet.FrameworkServlet.processRequest(FrameworkServlet.java:851)
	at org.springframework.web.servlet.FrameworkServlet.doPost(FrameworkServlet.java:767)
	at javax.servlet.http.HttpServlet.service(HttpServlet.java:641)
	at javax.servlet.http.HttpServlet.service(HttpServlet.java:722)
	at org.apache.catalina.core.ApplicationFilterChain.internalDoFilter(ApplicationFilterChain.java:304)
	at org.apache.catalina.core.ApplicationFilterChain.doFilter(ApplicationFilterChain.java:210)
	at org.springframework.web.filter.OncePerRequestFilter.doFilter(OncePerRequestFilter.java:70)
	at org.apache.catalina.core.ApplicationFilterChain.internalDoFilter(ApplicationFilterChain.java:243)
	at org.apache.catalina.core.ApplicationFilterChain.doFilter(ApplicationFilterChain.java:210)
	at org.springframework.web.filter.OncePerRequestFilter.doFilter(OncePerRequestFilter.java:70)
	at org.apache.catalina.core.ApplicationFilterChain.internalDoFilter(ApplicationFilterChain.java:243)
	at org.apache.catalina.core.ApplicationFilterChain.doFilter(ApplicationFilterChain.java:210)
	at org.springframework.web.filter.OncePerRequestFilter.doFilter(OncePerRequestFilter.java:70)
	at org.apache.catalina.core.ApplicationFilterChain.internalDoFilter(ApplicationFilterChain.java:243)
	at org.apache.catalina.core.ApplicationFilterChain.doFilter(ApplicationFilterChain.java:210)
	at org.apache.catalina.core.ApplicationDispatcher.invoke(ApplicationDispatcher.java:684)
	at org.apache.catalina.core.ApplicationDispatcher.processRequest(ApplicationDispatcher.java:471)
	at org.apache.catalina.core.ApplicationDispatcher.doForward(ApplicationDispatcher.java:402)
	at org.apache.catalina.core.ApplicationDispatcher.forward(ApplicationDispatcher.java:329)
	at org.codehaus.groovy.grails.web.util.WebUtils.forwardRequestForUrlMappingInfo(WebUtils.java:300)
	at org.codehaus.groovy.grails.web.util.WebUtils.forwardRequestForUrlMappingInfo(WebUtils.java:265)
	at org.codehaus.groovy.grails.web.util.WebUtils.forwardRequestForUrlMappingInfo(WebUtils.java:256)
	at org.codehaus.groovy.grails.web.mapping.filter.UrlMappingsFilter.doFilterInternal(UrlMappingsFilter.java:201)
	at org.springframework.web.filter.OncePerRequestFilter.doFilter(OncePerRequestFilter.java:76)
	at org.apache.catalina.core.ApplicationFilterChain.internalDoFilter(ApplicationFilterChain.java:243)
	at org.apache.catalina.core.ApplicationFilterChain.doFilter(ApplicationFilterChain.java:210)
	at org.codehaus.groovy.grails.web.sitemesh.GrailsPageFilter.obtainContent(GrailsPageFilter.java:240)
	at org.codehaus.groovy.grails.web.sitemesh.GrailsPageFilter.doFilter(GrailsPageFilter.java:150)
	at org.apache.catalina.core.ApplicationFilterChain.internalDoFilter(ApplicationFilterChain.java:243)
	at org.apache.catalina.core.ApplicationFilterChain.doFilter(ApplicationFilterChain.java:210)
	at org.codehaus.groovy.grails.web.servlet.mvc.GrailsWebRequestFilter.doFilterInternal(GrailsWebRequestFilter.java:69)
	at org.springframework.web.filter.OncePerRequestFilter.doFilter(OncePerRequestFilter.java:76)
	at org.apache.catalina.core.ApplicationFilterChain.internalDoFilter(ApplicationFilterChain.java:243)
	at org.apache.catalina.core.ApplicationFilterChain.doFilter(ApplicationFilterChain.java:210)
	at org.codehaus.groovy.grails.web.filters.HiddenHttpMethodFilter.doFilterInternal(HiddenHttpMethodFilter.java:65)
	at org.springframework.web.filter.OncePerRequestFilter.doFilter(OncePerRequestFilter.java:76)
	at org.apache.catalina.core.ApplicationFilterChain.internalDoFilter(ApplicationFilterChain.java:243)
	at org.apache.catalina.core.ApplicationFilterChain.doFilter(ApplicationFilterChain.java:210)
	at org.springframework.web.filter.CharacterEncodingFilter.doFilterInternal(CharacterEncodingFilter.java:88)
	at org.springframework.web.filter.OncePerRequestFilter.doFilter(OncePerRequestFilter.java:76)
	at org.springframework.web.filter.DelegatingFilterProxy.invokeDelegate(DelegatingFilterProxy.java:346)
	at org.springframework.web.filter.DelegatingFilterProxy.doFilter(DelegatingFilterProxy.java:259)
	at org.apache.catalina.core.ApplicationFilterChain.internalDoFilter(ApplicationFilterChain.java:243)
	at org.apache.catalina.core.ApplicationFilterChain.doFilter(ApplicationFilterChain.java:210)
	at org.apache.catalina.core.StandardWrapperValve.invoke(StandardWrapperValve.java:240)
	at org.apache.catalina.core.StandardContextValve.invoke(StandardContextValve.java:164)
	at org.apache.catalina.authenticator.AuthenticatorBase.invoke(AuthenticatorBase.java:462)
	at org.apache.catalina.core.StandardHostValve.invoke(StandardHostValve.java:164)
	at org.apache.catalina.valves.ErrorReportValve.invoke(ErrorReportValve.java:100)
	at org.apache.catalina.core.StandardEngineValve.invoke(StandardEngineValve.java:118)
	at org.apache.catalina.connector.CoyoteAdapter.service(CoyoteAdapter.java:403)
	at org.apache.coyote.http11.Http11Processor.process(Http11Processor.java:301)
	at org.apache.coyote.http11.Http11Protocol$Http11ConnectionHandler.process(Http11Protocol.java:162)
	at org.apache.tomcat.util.net.JIoEndpoint$SocketProcessor.run(JIoEndpoint.java:309)
	at java.util.concurrent.ThreadPoolExecutor$Worker.runTask(ThreadPoolExecutor.java:886)
	at java.util.concurrent.ThreadPoolExecutor$Worker.run(ThreadPoolExecutor.java:908)
	at java.lang.Thread.run(Thread.java:680)
2011-09-20 00:02:28,861 ["http-bio-8080"-exec-2] ERROR StackTrace  - Full Stack Trace:
groovy.lang.MissingMethodException: No signature of method: jugmotors.Pedido.addToOpcionais() is applicable for argument types: (jugmotors.Opcional) values: [jugmotors.Opcional(Teto solar, 4500.00)]
Possible solutions: getOpcionais()
	at jugmotors.PedidoController.save(PedidoController.groovy:36)
	at java.util.concurrent.ThreadPoolExecutor$Worker.runTask(ThreadPoolExecutor.java:886)
	at java.util.concurrent.ThreadPoolExecutor$Worker.run(ThreadPoolExecutor.java:908)
	at java.lang.Thread.run(Thread.java:680)
2011-09-20 00:02:28,922 ["http-bio-8080"-exec-2] ERROR StackTrace  - Full Stack Trace:
groovy.lang.MissingMethodException: No signature of method: jugmotors.Pedido.addToOpcionais() is applicable for argument types: (jugmotors.Opcional) values: [jugmotors.Opcional(Teto solar, 4500.00)]
Possible solutions: getOpcionais()
	at jugmotors.PedidoController.save(PedidoController.groovy:36)
	at java.util.concurrent.ThreadPoolExecutor$Worker.runTask(ThreadPoolExecutor.java:886)
	at java.util.concurrent.ThreadPoolExecutor$Worker.run(ThreadPoolExecutor.java:908)
	at java.lang.Thread.run(Thread.java:680)
2011-09-20 00:02:28,924 ["http-bio-8080"-exec-2] ERROR StackTrace  - Full Stack Trace:
groovy.lang.MissingMethodException: No signature of method: jugmotors.Pedido.addToOpcionais() is applicable for argument types: (jugmotors.Opcional) values: [jugmotors.Opcional(Teto solar, 4500.00)]
Possible solutions: getOpcionais()
	at jugmotors.PedidoController.save(PedidoController.groovy:36)
	at java.util.concurrent.ThreadPoolExecutor$Worker.runTask(ThreadPoolExecutor.java:886)
	at java.util.concurrent.ThreadPoolExecutor$Worker.run(ThreadPoolExecutor.java:908)
	at java.lang.Thread.run(Thread.java:680)
2011-09-20 00:02:28,926 ["http-bio-8080"-exec-2] ERROR StackTrace  - Full Stack Trace:
groovy.lang.MissingMethodException: No signature of method: jugmotors.Pedido.addToOpcionais() is applicable for argument types: (jugmotors.Opcional) values: [jugmotors.Opcional(Teto solar, 4500.00)]
Possible solutions: getOpcionais()
	at jugmotors.PedidoController.save(PedidoController.groovy:36)
	at java.util.concurrent.ThreadPoolExecutor$Worker.runTask(ThreadPoolExecutor.java:886)
	at java.util.concurrent.ThreadPoolExecutor$Worker.run(ThreadPoolExecutor.java:908)
	at java.lang.Thread.run(Thread.java:680)
2011-09-20 00:02:28,928 ["http-bio-8080"-exec-2] ERROR StackTrace  - Full Stack Trace:
groovy.lang.MissingMethodException: No signature of method: jugmotors.Pedido.addToOpcionais() is applicable for argument types: (jugmotors.Opcional) values: [jugmotors.Opcional(Teto solar, 4500.00)]
Possible solutions: getOpcionais()
	at jugmotors.PedidoController.save(PedidoController.groovy:36)
	at java.util.concurrent.ThreadPoolExecutor$Worker.runTask(ThreadPoolExecutor.java:886)
	at java.util.concurrent.ThreadPoolExecutor$Worker.run(ThreadPoolExecutor.java:908)
	at java.lang.Thread.run(Thread.java:680)
2011-09-20 00:02:56,189 [Thread-7] ERROR StackTrace  - Full Stack Trace:
javax.naming.NameNotFoundException: Name org.codehaus.groovy.grails.orm.hibernate.ConfigurableLocalSessionFactoryBean is not bound in this Context
	at org.apache.naming.NamingContext.unbind(NamingContext.java:265)
	at org.apache.naming.NamingContext.unbind(NamingContext.java:294)
	at org.apache.naming.SelectorContext.unbind(SelectorContext.java:270)
	at javax.naming.InitialContext.unbind(InitialContext.java:416)
	at org.hibernate.impl.SessionFactoryObjectFactory.removeInstance(SessionFactoryObjectFactory.java:139)
	at org.hibernate.impl.SessionFactoryImpl.close(SessionFactoryImpl.java:968)
	at org.springframework.orm.hibernate3.SessionFactoryBuilderSupport.closeHibernateSessionFactory(SessionFactoryBuilderSupport.java:1451)
	at org.springframework.orm.hibernate3.SessionFactoryBeanDelegate.destroy(SessionFactoryBeanDelegate.java:116)
	at org.springframework.orm.hibernate3.LocalSessionFactoryBean.destroy(LocalSessionFactoryBean.java:76)
	at org.codehaus.groovy.grails.orm.hibernate.ConfigurableLocalSessionFactoryBean.destroy(ConfigurableLocalSessionFactoryBean.java:209)
	at org.springframework.beans.factory.support.DisposableBeanAdapter.destroy(DisposableBeanAdapter.java:184)
	at org.springframework.beans.factory.support.DefaultSingletonBeanRegistry.destroyBean(DefaultSingletonBeanRegistry.java:498)
	at org.springframework.beans.factory.support.DefaultSingletonBeanRegistry.destroySingleton(DefaultSingletonBeanRegistry.java:474)
	at org.springframework.beans.factory.support.DefaultSingletonBeanRegistry.destroyBean(DefaultSingletonBeanRegistry.java:509)
	at org.springframework.beans.factory.support.DefaultSingletonBeanRegistry.destroySingleton(DefaultSingletonBeanRegistry.java:474)
	at org.springframework.beans.factory.support.DefaultListableBeanFactory.resetBeanDefinition(DefaultListableBeanFactory.java:664)
	at org.springframework.beans.factory.support.DefaultListableBeanFactory.removeBeanDefinition(DefaultListableBeanFactory.java:647)
	at org.springframework.context.support.GenericApplicationContext.removeBeanDefinition(GenericApplicationContext.java:298)
	at sun.reflect.GeneratedMethodAccessor360.invoke(Unknown Source)
	at sun.reflect.DelegatingMethodAccessorImpl.invoke(DelegatingMethodAccessorImpl.java:25)
	at java.lang.reflect.Method.invoke(Method.java:597)
	at com.springsource.loaded.ri.ReflectiveInterceptor.jlrMethodInvoke(ReflectiveInterceptor.java:1165)
	at org.codehaus.groovy.reflection.CachedMethod.invoke(CachedMethod.java:90)
	at groovy.lang.MetaMethod.doMethodInvoke(MetaMethod.java:233)
	at groovy.lang.MetaClassImpl.invokeMethod(MetaClassImpl.java:1053)
	at groovy.lang.ExpandoMetaClass.invokeMethod(ExpandoMetaClass.java:1071)
	at groovy.lang.MetaClassImpl.invokeMethod(MetaClassImpl.java:883)
	at org.codehaus.groovy.grails.commons.spring.DefaultRuntimeSpringConfiguration.removeBeanDefinition(DefaultRuntimeSpringConfiguration.java:337)
	at org.codehaus.groovy.grails.commons.spring.DefaultRuntimeSpringConfiguration.registerBeanConfigsWithRegistry(DefaultRuntimeSpringConfiguration.java:279)
	at org.codehaus.groovy.grails.commons.spring.DefaultRuntimeSpringConfiguration.registerBeansWithRegistry(DefaultRuntimeSpringConfiguration.java:251)
	at grails.spring.BeanBuilder.registerBeans(BeanBuilder.java:482)
	at grails.spring.BeanBuilder$registerBeans.call(Unknown Source)
	at org.codehaus.groovy.grails.plugins.orm.hibernate.HibernatePluginSupport$__clinit__closure14.doCall(HibernatePluginSupport.groovy:348)
	at sun.reflect.NativeMethodAccessorImpl.invoke0(Native Method)
	at sun.reflect.NativeMethodAccessorImpl.invoke(NativeMethodAccessorImpl.java:39)
	at sun.reflect.DelegatingMethodAccessorImpl.invoke(DelegatingMethodAccessorImpl.java:25)
	at java.lang.reflect.Method.invoke(Method.java:597)
	at com.springsource.loaded.ri.ReflectiveInterceptor.jlrMethodInvoke(ReflectiveInterceptor.java:1165)
	at org.codehaus.groovy.reflection.CachedMethod.invoke(CachedMethod.java:90)
	at groovy.lang.MetaMethod.doMethodInvoke(MetaMethod.java:233)
	at org.codehaus.groovy.runtime.metaclass.ClosureMetaClass.invokeMethod(ClosureMetaClass.java:272)
	at groovy.lang.MetaClassImpl.invokeMethod(MetaClassImpl.java:883)
	at groovy.lang.Closure.call(Closure.java:410)
	at org.codehaus.groovy.grails.plugins.DefaultGrailsPlugin.invokeOnChangeListener(DefaultGrailsPlugin.java:784)
	at org.codehaus.groovy.grails.plugins.DefaultGrailsPlugin.notifyOfEvent(DefaultGrailsPlugin.java:735)
	at org.codehaus.groovy.grails.plugins.DefaultGrailsPluginManager.informObservers(DefaultGrailsPluginManager.java:228)
	at org.codehaus.groovy.grails.plugins.DefaultGrailsPlugin.notifyOfEvent(DefaultGrailsPlugin.java:751)
	at org.codehaus.groovy.grails.plugins.AbstractGrailsPluginManager.informOfClassChange(AbstractGrailsPluginManager.java:384)
	at org.codehaus.groovy.grails.compiler.GrailsProjectWatcher$2.run(GrailsProjectWatcher.java:196)
	at org.codehaus.groovy.grails.compiler.GrailsProjectWatcher.firePendingClassChangeEvents(GrailsProjectWatcher.java:95)
	at org.codehaus.groovy.grails.cli.agent.GrailsPluginManagerReloadPlugin.reloadEvent(GrailsPluginManagerReloadPlugin.java:40)
	at com.springsource.loaded.TypeRegistry.fireReloadEvent(TypeRegistry.java:1540)
	at com.springsource.loaded.ReloadableType.loadNewVersion(ReloadableType.java:328)
	at com.springsource.loaded.TypeRegistry.loadNewVersion(TypeRegistry.java:765)
	at com.springsource.loaded.agent.ReloadableFileChangeListener.fileChanged(ReloadableFileChangeListener.java:38)
	at com.springsource.loaded.agent.Watcher.determineChangesSince(FileSystemWatcher.java:101)
	at com.springsource.loaded.agent.Watcher.run(FileSystemWatcher.java:87)
	at java.lang.Thread.run(Thread.java:680)
2011-09-20 00:02:56,189 [Thread-7] ERROR StackTrace  - Full Stack Trace:
javax.naming.NameNotFoundException: Name org.codehaus.groovy.grails.orm.hibernate.ConfigurableLocalSessionFactoryBean is not bound in this Context
	at org.apache.naming.NamingContext.unbind(NamingContext.java:265)
	at org.apache.naming.NamingContext.unbind(NamingContext.java:294)
	at org.apache.naming.SelectorContext.unbind(SelectorContext.java:270)
	at javax.naming.InitialContext.unbind(InitialContext.java:416)
	at grails.spring.BeanBuilder.registerBeans(BeanBuilder.java:482)
	at java.lang.Thread.run(Thread.java:680)
2011-09-20 00:03:07,541 ["http-bio-8080"-exec-4] ERROR StackTrace  - Full Stack Trace:
groovy.lang.MissingMethodException: No signature of method: jugmotors.Pedido.addToOpcionais() is applicable for argument types: (jugmotors.Opcional) values: [jugmotors.Opcional(Ar condicionado, 3000.00)]
Possible solutions: getOpcionais()
	at org.codehaus.groovy.runtime.ScriptBytecodeAdapter.unwrap(ScriptBytecodeAdapter.java:55)
	at org.codehaus.groovy.runtime.callsite.ConstructorSite$ConstructorSiteNoUnwrapNoCoerce.callConstructor(ConstructorSite.java:104)
	at org.codehaus.groovy.runtime.callsite.CallSiteArray.defaultCallConstructor(CallSiteArray.java:54)
	at org.codehaus.groovy.runtime.callsite.ConstructorSite$ConstructorSiteNoUnwrapNoCoerce.callConstructor(ConstructorSite.java:107)
	at org.codehaus.groovy.runtime.callsite.AbstractCallSite.callConstructor(AbstractCallSite.java:190)
	at jugmotors.PedidoController.save(PedidoController.groovy:36)
	at sun.reflect.NativeMethodAccessorImpl.invoke0(Native Method)
	at sun.reflect.NativeMethodAccessorImpl.invoke(NativeMethodAccessorImpl.java:39)
	at sun.reflect.DelegatingMethodAccessorImpl.invoke(DelegatingMethodAccessorImpl.java:25)
	at java.lang.reflect.Method.invoke(Method.java:597)
	at com.springsource.loaded.ri.OriginalClassInvoker.invoke(OriginalClassInvoker.java:35)
	at com.springsource.loaded.ri.ReflectiveInterceptor.jlrMethodInvoke(ReflectiveInterceptor.java:1188)
	at org.codehaus.groovy.grails.web.servlet.mvc.MixedGrailsControllerHelper.invoke(MixedGrailsControllerHelper.java:67)
	at org.codehaus.groovy.grails.web.servlet.mvc.AbstractGrailsControllerHelper.handleAction(AbstractGrailsControllerHelper.java:330)
	at org.codehaus.groovy.grails.web.servlet.mvc.AbstractGrailsControllerHelper.executeAction(AbstractGrailsControllerHelper.java:211)
	at org.codehaus.groovy.grails.web.servlet.mvc.AbstractGrailsControllerHelper.handleURI(AbstractGrailsControllerHelper.java:177)
	at org.codehaus.groovy.grails.web.servlet.mvc.AbstractGrailsControllerHelper.handleURI(AbstractGrailsControllerHelper.java:116)
	at org.codehaus.groovy.grails.web.servlet.mvc.SimpleGrailsController.handleRequest(SimpleGrailsController.java:72)
	at org.springframework.web.servlet.mvc.SimpleControllerHandlerAdapter.handle(SimpleControllerHandlerAdapter.java:48)
	at org.codehaus.groovy.grails.web.servlet.GrailsDispatcherServlet.doDispatch(GrailsDispatcherServlet.java:317)
	at org.springframework.web.servlet.DispatcherServlet.doService(DispatcherServlet.java:792)
	at org.springframework.web.servlet.FrameworkServlet.processRequest(FrameworkServlet.java:851)
	at org.springframework.web.servlet.FrameworkServlet.doPost(FrameworkServlet.java:767)
	at javax.servlet.http.HttpServlet.service(HttpServlet.java:641)
	at javax.servlet.http.HttpServlet.service(HttpServlet.java:722)
	at org.apache.catalina.core.ApplicationFilterChain.internalDoFilter(ApplicationFilterChain.java:304)
	at org.apache.catalina.core.ApplicationFilterChain.doFilter(ApplicationFilterChain.java:210)
	at org.springframework.web.filter.OncePerRequestFilter.doFilter(OncePerRequestFilter.java:70)
	at org.apache.catalina.core.ApplicationFilterChain.internalDoFilter(ApplicationFilterChain.java:243)
	at org.apache.catalina.core.ApplicationFilterChain.doFilter(ApplicationFilterChain.java:210)
	at org.springframework.web.filter.OncePerRequestFilter.doFilter(OncePerRequestFilter.java:70)
	at org.apache.catalina.core.ApplicationFilterChain.internalDoFilter(ApplicationFilterChain.java:243)
	at org.apache.catalina.core.ApplicationFilterChain.doFilter(ApplicationFilterChain.java:210)
	at org.springframework.web.filter.OncePerRequestFilter.doFilter(OncePerRequestFilter.java:70)
	at org.apache.catalina.core.ApplicationFilterChain.internalDoFilter(ApplicationFilterChain.java:243)
	at org.apache.catalina.core.ApplicationFilterChain.doFilter(ApplicationFilterChain.java:210)
	at org.apache.catalina.core.ApplicationDispatcher.invoke(ApplicationDispatcher.java:684)
	at org.apache.catalina.core.ApplicationDispatcher.processRequest(ApplicationDispatcher.java:471)
	at org.apache.catalina.core.ApplicationDispatcher.doForward(ApplicationDispatcher.java:402)
	at org.apache.catalina.core.ApplicationDispatcher.forward(ApplicationDispatcher.java:329)
	at org.codehaus.groovy.grails.web.util.WebUtils.forwardRequestForUrlMappingInfo(WebUtils.java:300)
	at org.codehaus.groovy.grails.web.util.WebUtils.forwardRequestForUrlMappingInfo(WebUtils.java:265)
	at org.codehaus.groovy.grails.web.util.WebUtils.forwardRequestForUrlMappingInfo(WebUtils.java:256)
	at org.codehaus.groovy.grails.web.mapping.filter.UrlMappingsFilter.doFilterInternal(UrlMappingsFilter.java:201)
	at org.springframework.web.filter.OncePerRequestFilter.doFilter(OncePerRequestFilter.java:76)
	at org.apache.catalina.core.ApplicationFilterChain.internalDoFilter(ApplicationFilterChain.java:243)
	at org.apache.catalina.core.ApplicationFilterChain.doFilter(ApplicationFilterChain.java:210)
	at org.codehaus.groovy.grails.web.sitemesh.GrailsPageFilter.obtainContent(GrailsPageFilter.java:240)
	at org.codehaus.groovy.grails.web.sitemesh.GrailsPageFilter.doFilter(GrailsPageFilter.java:150)
	at org.apache.catalina.core.ApplicationFilterChain.internalDoFilter(ApplicationFilterChain.java:243)
	at org.apache.catalina.core.ApplicationFilterChain.doFilter(ApplicationFilterChain.java:210)
	at org.codehaus.groovy.grails.web.servlet.mvc.GrailsWebRequestFilter.doFilterInternal(GrailsWebRequestFilter.java:69)
	at org.springframework.web.filter.OncePerRequestFilter.doFilter(OncePerRequestFilter.java:76)
	at org.apache.catalina.core.ApplicationFilterChain.internalDoFilter(ApplicationFilterChain.java:243)
	at org.apache.catalina.core.ApplicationFilterChain.doFilter(ApplicationFilterChain.java:210)
	at org.codehaus.groovy.grails.web.filters.HiddenHttpMethodFilter.doFilterInternal(HiddenHttpMethodFilter.java:65)
	at org.springframework.web.filter.OncePerRequestFilter.doFilter(OncePerRequestFilter.java:76)
	at org.apache.catalina.core.ApplicationFilterChain.internalDoFilter(ApplicationFilterChain.java:243)
	at org.apache.catalina.core.ApplicationFilterChain.doFilter(ApplicationFilterChain.java:210)
	at org.springframework.web.filter.CharacterEncodingFilter.doFilterInternal(CharacterEncodingFilter.java:88)
	at org.springframework.web.filter.OncePerRequestFilter.doFilter(OncePerRequestFilter.java:76)
	at org.springframework.web.filter.DelegatingFilterProxy.invokeDelegate(DelegatingFilterProxy.java:346)
	at org.springframework.web.filter.DelegatingFilterProxy.doFilter(DelegatingFilterProxy.java:259)
	at org.apache.catalina.core.ApplicationFilterChain.internalDoFilter(ApplicationFilterChain.java:243)
	at org.apache.catalina.core.ApplicationFilterChain.doFilter(ApplicationFilterChain.java:210)
	at org.apache.catalina.core.StandardWrapperValve.invoke(StandardWrapperValve.java:240)
	at org.apache.catalina.core.StandardContextValve.invoke(StandardContextValve.java:164)
	at org.apache.catalina.authenticator.AuthenticatorBase.invoke(AuthenticatorBase.java:462)
	at org.apache.catalina.core.StandardHostValve.invoke(StandardHostValve.java:164)
	at org.apache.catalina.valves.ErrorReportValve.invoke(ErrorReportValve.java:100)
	at org.apache.catalina.core.StandardEngineValve.invoke(StandardEngineValve.java:118)
	at org.apache.catalina.connector.CoyoteAdapter.service(CoyoteAdapter.java:403)
	at org.apache.coyote.http11.Http11Processor.process(Http11Processor.java:301)
	at org.apache.coyote.http11.Http11Protocol$Http11ConnectionHandler.process(Http11Protocol.java:162)
	at org.apache.tomcat.util.net.JIoEndpoint$SocketProcessor.run(JIoEndpoint.java:309)
	at java.util.concurrent.ThreadPoolExecutor$Worker.runTask(ThreadPoolExecutor.java:886)
	at java.util.concurrent.ThreadPoolExecutor$Worker.run(ThreadPoolExecutor.java:908)
	at java.lang.Thread.run(Thread.java:680)
2011-09-20 00:03:07,544 ["http-bio-8080"-exec-4] ERROR StackTrace  - Full Stack Trace:
groovy.lang.MissingMethodException: No signature of method: jugmotors.Pedido.addToOpcionais() is applicable for argument types: (jugmotors.Opcional) values: [jugmotors.Opcional(Ar condicionado, 3000.00)]
Possible solutions: getOpcionais()
	at jugmotors.PedidoController.save(PedidoController.groovy:36)
	at java.util.concurrent.ThreadPoolExecutor$Worker.runTask(ThreadPoolExecutor.java:886)
	at java.util.concurrent.ThreadPoolExecutor$Worker.run(ThreadPoolExecutor.java:908)
	at java.lang.Thread.run(Thread.java:680)
2011-09-20 00:03:07,558 ["http-bio-8080"-exec-4] ERROR StackTrace  - Full Stack Trace:
groovy.lang.MissingMethodException: No signature of method: jugmotors.Pedido.addToOpcionais() is applicable for argument types: (jugmotors.Opcional) values: [jugmotors.Opcional(Ar condicionado, 3000.00)]
Possible solutions: getOpcionais()
	at jugmotors.PedidoController.save(PedidoController.groovy:36)
	at java.util.concurrent.ThreadPoolExecutor$Worker.runTask(ThreadPoolExecutor.java:886)
	at java.util.concurrent.ThreadPoolExecutor$Worker.run(ThreadPoolExecutor.java:908)
	at java.lang.Thread.run(Thread.java:680)
2011-09-20 00:03:07,561 ["http-bio-8080"-exec-4] ERROR StackTrace  - Full Stack Trace:
groovy.lang.MissingMethodException: No signature of method: jugmotors.Pedido.addToOpcionais() is applicable for argument types: (jugmotors.Opcional) values: [jugmotors.Opcional(Ar condicionado, 3000.00)]
Possible solutions: getOpcionais()
	at jugmotors.PedidoController.save(PedidoController.groovy:36)
	at java.util.concurrent.ThreadPoolExecutor$Worker.runTask(ThreadPoolExecutor.java:886)
	at java.util.concurrent.ThreadPoolExecutor$Worker.run(ThreadPoolExecutor.java:908)
	at java.lang.Thread.run(Thread.java:680)
2011-09-20 00:03:07,568 ["http-bio-8080"-exec-4] ERROR StackTrace  - Full Stack Trace:
groovy.lang.MissingMethodException: No signature of method: jugmotors.Pedido.addToOpcionais() is applicable for argument types: (jugmotors.Opcional) values: [jugmotors.Opcional(Ar condicionado, 3000.00)]
Possible solutions: getOpcionais()
	at jugmotors.PedidoController.save(PedidoController.groovy:36)
	at java.util.concurrent.ThreadPoolExecutor$Worker.runTask(ThreadPoolExecutor.java:886)
	at java.util.concurrent.ThreadPoolExecutor$Worker.run(ThreadPoolExecutor.java:908)
	at java.lang.Thread.run(Thread.java:680)
2011-09-20 00:03:07,570 ["http-bio-8080"-exec-4] ERROR StackTrace  - Full Stack Trace:
groovy.lang.MissingMethodException: No signature of method: jugmotors.Pedido.addToOpcionais() is applicable for argument types: (jugmotors.Opcional) values: [jugmotors.Opcional(Ar condicionado, 3000.00)]
Possible solutions: getOpcionais()
	at jugmotors.PedidoController.save(PedidoController.groovy:36)
	at java.util.concurrent.ThreadPoolExecutor$Worker.runTask(ThreadPoolExecutor.java:886)
	at java.util.concurrent.ThreadPoolExecutor$Worker.run(ThreadPoolExecutor.java:908)
	at java.lang.Thread.run(Thread.java:680)
2011-09-20 00:06:17,309 [Thread-7] ERROR StackTrace  - Full Stack Trace:
javax.naming.NameNotFoundException: Name org.codehaus.groovy.grails.orm.hibernate.ConfigurableLocalSessionFactoryBean is not bound in this Context
	at org.apache.naming.NamingContext.unbind(NamingContext.java:265)
	at org.apache.naming.NamingContext.unbind(NamingContext.java:294)
	at org.apache.naming.SelectorContext.unbind(SelectorContext.java:270)
	at javax.naming.InitialContext.unbind(InitialContext.java:416)
	at org.hibernate.impl.SessionFactoryObjectFactory.removeInstance(SessionFactoryObjectFactory.java:139)
	at org.hibernate.impl.SessionFactoryImpl.close(SessionFactoryImpl.java:968)
	at org.springframework.orm.hibernate3.SessionFactoryBuilderSupport.closeHibernateSessionFactory(SessionFactoryBuilderSupport.java:1451)
	at org.springframework.orm.hibernate3.SessionFactoryBeanDelegate.destroy(SessionFactoryBeanDelegate.java:116)
	at org.springframework.orm.hibernate3.LocalSessionFactoryBean.destroy(LocalSessionFactoryBean.java:76)
	at org.codehaus.groovy.grails.orm.hibernate.ConfigurableLocalSessionFactoryBean.destroy(ConfigurableLocalSessionFactoryBean.java:209)
	at org.springframework.beans.factory.support.DisposableBeanAdapter.destroy(DisposableBeanAdapter.java:184)
	at org.springframework.beans.factory.support.DefaultSingletonBeanRegistry.destroyBean(DefaultSingletonBeanRegistry.java:498)
	at org.springframework.beans.factory.support.DefaultSingletonBeanRegistry.destroySingleton(DefaultSingletonBeanRegistry.java:474)
	at org.springframework.beans.factory.support.DefaultSingletonBeanRegistry.destroyBean(DefaultSingletonBeanRegistry.java:509)
	at org.springframework.beans.factory.support.DefaultSingletonBeanRegistry.destroySingleton(DefaultSingletonBeanRegistry.java:474)
	at org.springframework.beans.factory.support.DefaultListableBeanFactory.resetBeanDefinition(DefaultListableBeanFactory.java:664)
	at org.springframework.beans.factory.support.DefaultListableBeanFactory.removeBeanDefinition(DefaultListableBeanFactory.java:647)
	at org.springframework.context.support.GenericApplicationContext.removeBeanDefinition(GenericApplicationContext.java:298)
	at sun.reflect.NativeMethodAccessorImpl.invoke0(Native Method)
	at sun.reflect.NativeMethodAccessorImpl.invoke(NativeMethodAccessorImpl.java:39)
	at sun.reflect.DelegatingMethodAccessorImpl.invoke(DelegatingMethodAccessorImpl.java:25)
	at java.lang.reflect.Method.invoke(Method.java:597)
	at com.springsource.loaded.ri.ReflectiveInterceptor.jlrMethodInvoke(ReflectiveInterceptor.java:1165)
	at org.codehaus.groovy.reflection.CachedMethod.invoke(CachedMethod.java:90)
	at groovy.lang.MetaMethod.doMethodInvoke(MetaMethod.java:233)
	at groovy.lang.MetaClassImpl.invokeMethod(MetaClassImpl.java:1053)
	at groovy.lang.ExpandoMetaClass.invokeMethod(ExpandoMetaClass.java:1071)
	at groovy.lang.MetaClassImpl.invokeMethod(MetaClassImpl.java:883)
	at org.codehaus.groovy.grails.commons.spring.DefaultRuntimeSpringConfiguration.removeBeanDefinition(DefaultRuntimeSpringConfiguration.java:337)
	at org.codehaus.groovy.grails.commons.spring.DefaultRuntimeSpringConfiguration.registerBeanConfigsWithRegistry(DefaultRuntimeSpringConfiguration.java:279)
	at org.codehaus.groovy.grails.commons.spring.DefaultRuntimeSpringConfiguration.registerBeansWithRegistry(DefaultRuntimeSpringConfiguration.java:251)
	at grails.spring.BeanBuilder.registerBeans(BeanBuilder.java:482)
	at grails.spring.BeanBuilder$registerBeans.call(Unknown Source)
	at org.codehaus.groovy.grails.plugins.orm.hibernate.HibernatePluginSupport$__clinit__closure14.doCall(HibernatePluginSupport.groovy:348)
	at sun.reflect.NativeMethodAccessorImpl.invoke0(Native Method)
	at sun.reflect.NativeMethodAccessorImpl.invoke(NativeMethodAccessorImpl.java:39)
	at sun.reflect.DelegatingMethodAccessorImpl.invoke(DelegatingMethodAccessorImpl.java:25)
	at java.lang.reflect.Method.invoke(Method.java:597)
	at com.springsource.loaded.ri.ReflectiveInterceptor.jlrMethodInvoke(ReflectiveInterceptor.java:1165)
	at org.codehaus.groovy.reflection.CachedMethod.invoke(CachedMethod.java:90)
	at groovy.lang.MetaMethod.doMethodInvoke(MetaMethod.java:233)
	at org.codehaus.groovy.runtime.metaclass.ClosureMetaClass.invokeMethod(ClosureMetaClass.java:272)
	at groovy.lang.MetaClassImpl.invokeMethod(MetaClassImpl.java:883)
	at groovy.lang.Closure.call(Closure.java:410)
	at org.codehaus.groovy.grails.plugins.DefaultGrailsPlugin.invokeOnChangeListener(DefaultGrailsPlugin.java:784)
	at org.codehaus.groovy.grails.plugins.DefaultGrailsPlugin.notifyOfEvent(DefaultGrailsPlugin.java:735)
	at org.codehaus.groovy.grails.plugins.DefaultGrailsPluginManager.informObservers(DefaultGrailsPluginManager.java:228)
	at org.codehaus.groovy.grails.plugins.DefaultGrailsPlugin.notifyOfEvent(DefaultGrailsPlugin.java:751)
	at org.codehaus.groovy.grails.plugins.AbstractGrailsPluginManager.informOfClassChange(AbstractGrailsPluginManager.java:384)
	at org.codehaus.groovy.grails.compiler.GrailsProjectWatcher$2.run(GrailsProjectWatcher.java:196)
	at org.codehaus.groovy.grails.compiler.GrailsProjectWatcher.firePendingClassChangeEvents(GrailsProjectWatcher.java:95)
	at org.codehaus.groovy.grails.cli.agent.GrailsPluginManagerReloadPlugin.reloadEvent(GrailsPluginManagerReloadPlugin.java:40)
	at com.springsource.loaded.TypeRegistry.fireReloadEvent(TypeRegistry.java:1540)
	at com.springsource.loaded.ReloadableType.loadNewVersion(ReloadableType.java:328)
	at com.springsource.loaded.TypeRegistry.loadNewVersion(TypeRegistry.java:765)
	at com.springsource.loaded.agent.ReloadableFileChangeListener.fileChanged(ReloadableFileChangeListener.java:38)
	at com.springsource.loaded.agent.Watcher.determineChangesSince(FileSystemWatcher.java:101)
	at com.springsource.loaded.agent.Watcher.run(FileSystemWatcher.java:87)
	at java.lang.Thread.run(Thread.java:680)
2011-09-20 00:06:17,315 [Thread-7] ERROR StackTrace  - Full Stack Trace:
javax.naming.NameNotFoundException: Name org.codehaus.groovy.grails.orm.hibernate.ConfigurableLocalSessionFactoryBean is not bound in this Context
	at org.apache.naming.NamingContext.unbind(NamingContext.java:265)
	at org.apache.naming.NamingContext.unbind(NamingContext.java:294)
	at org.apache.naming.SelectorContext.unbind(SelectorContext.java:270)
	at javax.naming.InitialContext.unbind(InitialContext.java:416)
	at grails.spring.BeanBuilder.registerBeans(BeanBuilder.java:482)
	at java.lang.Thread.run(Thread.java:680)
2011-09-20 00:06:26,289 ["http-bio-8080"-exec-7] ERROR StackTrace  - Full Stack Trace:
groovy.lang.MissingMethodException: No signature of method: jugmotors.Pedido.addToOpcionais() is applicable for argument types: (jugmotors.Opcional) values: [jugmotors.Opcional(Teto solar, 4500.00)]
Possible solutions: getOpcionais()
	at org.codehaus.groovy.runtime.ScriptBytecodeAdapter.unwrap(ScriptBytecodeAdapter.java:55)
	at org.codehaus.groovy.runtime.callsite.ConstructorSite$ConstructorSiteNoUnwrapNoCoerce.callConstructor(ConstructorSite.java:104)
	at org.codehaus.groovy.runtime.callsite.CallSiteArray.defaultCallConstructor(CallSiteArray.java:54)
	at org.codehaus.groovy.runtime.callsite.ConstructorSite$ConstructorSiteNoUnwrapNoCoerce.callConstructor(ConstructorSite.java:107)
	at org.codehaus.groovy.runtime.callsite.AbstractCallSite.callConstructor(AbstractCallSite.java:190)
	at jugmotors.PedidoController.save(PedidoController.groovy:36)
	at sun.reflect.NativeMethodAccessorImpl.invoke0(Native Method)
	at sun.reflect.NativeMethodAccessorImpl.invoke(NativeMethodAccessorImpl.java:39)
	at sun.reflect.DelegatingMethodAccessorImpl.invoke(DelegatingMethodAccessorImpl.java:25)
	at java.lang.reflect.Method.invoke(Method.java:597)
	at com.springsource.loaded.ri.OriginalClassInvoker.invoke(OriginalClassInvoker.java:35)
	at com.springsource.loaded.ri.ReflectiveInterceptor.jlrMethodInvoke(ReflectiveInterceptor.java:1188)
	at org.codehaus.groovy.grails.web.servlet.mvc.MixedGrailsControllerHelper.invoke(MixedGrailsControllerHelper.java:67)
	at org.codehaus.groovy.grails.web.servlet.mvc.AbstractGrailsControllerHelper.handleAction(AbstractGrailsControllerHelper.java:330)
	at org.codehaus.groovy.grails.web.servlet.mvc.AbstractGrailsControllerHelper.executeAction(AbstractGrailsControllerHelper.java:211)
	at org.codehaus.groovy.grails.web.servlet.mvc.AbstractGrailsControllerHelper.handleURI(AbstractGrailsControllerHelper.java:177)
	at org.codehaus.groovy.grails.web.servlet.mvc.AbstractGrailsControllerHelper.handleURI(AbstractGrailsControllerHelper.java:116)
	at org.codehaus.groovy.grails.web.servlet.mvc.SimpleGrailsController.handleRequest(SimpleGrailsController.java:72)
	at org.springframework.web.servlet.mvc.SimpleControllerHandlerAdapter.handle(SimpleControllerHandlerAdapter.java:48)
	at org.codehaus.groovy.grails.web.servlet.GrailsDispatcherServlet.doDispatch(GrailsDispatcherServlet.java:317)
	at org.springframework.web.servlet.DispatcherServlet.doService(DispatcherServlet.java:792)
	at org.springframework.web.servlet.FrameworkServlet.processRequest(FrameworkServlet.java:851)
	at org.springframework.web.servlet.FrameworkServlet.doPost(FrameworkServlet.java:767)
	at javax.servlet.http.HttpServlet.service(HttpServlet.java:641)
	at javax.servlet.http.HttpServlet.service(HttpServlet.java:722)
	at org.apache.catalina.core.ApplicationFilterChain.internalDoFilter(ApplicationFilterChain.java:304)
	at org.apache.catalina.core.ApplicationFilterChain.doFilter(ApplicationFilterChain.java:210)
	at org.springframework.web.filter.OncePerRequestFilter.doFilter(OncePerRequestFilter.java:70)
	at org.apache.catalina.core.ApplicationFilterChain.internalDoFilter(ApplicationFilterChain.java:243)
	at org.apache.catalina.core.ApplicationFilterChain.doFilter(ApplicationFilterChain.java:210)
	at org.springframework.web.filter.OncePerRequestFilter.doFilter(OncePerRequestFilter.java:70)
	at org.apache.catalina.core.ApplicationFilterChain.internalDoFilter(ApplicationFilterChain.java:243)
	at org.apache.catalina.core.ApplicationFilterChain.doFilter(ApplicationFilterChain.java:210)
	at org.springframework.web.filter.OncePerRequestFilter.doFilter(OncePerRequestFilter.java:70)
	at org.apache.catalina.core.ApplicationFilterChain.internalDoFilter(ApplicationFilterChain.java:243)
	at org.apache.catalina.core.ApplicationFilterChain.doFilter(ApplicationFilterChain.java:210)
	at org.apache.catalina.core.ApplicationDispatcher.invoke(ApplicationDispatcher.java:684)
	at org.apache.catalina.core.ApplicationDispatcher.processRequest(ApplicationDispatcher.java:471)
	at org.apache.catalina.core.ApplicationDispatcher.doForward(ApplicationDispatcher.java:402)
	at org.apache.catalina.core.ApplicationDispatcher.forward(ApplicationDispatcher.java:329)
	at org.codehaus.groovy.grails.web.util.WebUtils.forwardRequestForUrlMappingInfo(WebUtils.java:300)
	at org.codehaus.groovy.grails.web.util.WebUtils.forwardRequestForUrlMappingInfo(WebUtils.java:265)
	at org.codehaus.groovy.grails.web.util.WebUtils.forwardRequestForUrlMappingInfo(WebUtils.java:256)
	at org.codehaus.groovy.grails.web.mapping.filter.UrlMappingsFilter.doFilterInternal(UrlMappingsFilter.java:201)
	at org.springframework.web.filter.OncePerRequestFilter.doFilter(OncePerRequestFilter.java:76)
	at org.apache.catalina.core.ApplicationFilterChain.internalDoFilter(ApplicationFilterChain.java:243)
	at org.apache.catalina.core.ApplicationFilterChain.doFilter(ApplicationFilterChain.java:210)
	at org.codehaus.groovy.grails.web.sitemesh.GrailsPageFilter.obtainContent(GrailsPageFilter.java:240)
	at org.codehaus.groovy.grails.web.sitemesh.GrailsPageFilter.doFilter(GrailsPageFilter.java:150)
	at org.apache.catalina.core.ApplicationFilterChain.internalDoFilter(ApplicationFilterChain.java:243)
	at org.apache.catalina.core.ApplicationFilterChain.doFilter(ApplicationFilterChain.java:210)
	at org.codehaus.groovy.grails.web.servlet.mvc.GrailsWebRequestFilter.doFilterInternal(GrailsWebRequestFilter.java:69)
	at org.springframework.web.filter.OncePerRequestFilter.doFilter(OncePerRequestFilter.java:76)
	at org.apache.catalina.core.ApplicationFilterChain.internalDoFilter(ApplicationFilterChain.java:243)
	at org.apache.catalina.core.ApplicationFilterChain.doFilter(ApplicationFilterChain.java:210)
	at org.codehaus.groovy.grails.web.filters.HiddenHttpMethodFilter.doFilterInternal(HiddenHttpMethodFilter.java:65)
	at org.springframework.web.filter.OncePerRequestFilter.doFilter(OncePerRequestFilter.java:76)
	at org.apache.catalina.core.ApplicationFilterChain.internalDoFilter(ApplicationFilterChain.java:243)
	at org.apache.catalina.core.ApplicationFilterChain.doFilter(ApplicationFilterChain.java:210)
	at org.springframework.web.filter.CharacterEncodingFilter.doFilterInternal(CharacterEncodingFilter.java:88)
	at org.springframework.web.filter.OncePerRequestFilter.doFilter(OncePerRequestFilter.java:76)
	at org.springframework.web.filter.DelegatingFilterProxy.invokeDelegate(DelegatingFilterProxy.java:346)
	at org.springframework.web.filter.DelegatingFilterProxy.doFilter(DelegatingFilterProxy.java:259)
	at org.apache.catalina.core.ApplicationFilterChain.internalDoFilter(ApplicationFilterChain.java:243)
	at org.apache.catalina.core.ApplicationFilterChain.doFilter(ApplicationFilterChain.java:210)
	at org.apache.catalina.core.StandardWrapperValve.invoke(StandardWrapperValve.java:240)
	at org.apache.catalina.core.StandardContextValve.invoke(StandardContextValve.java:164)
	at org.apache.catalina.authenticator.AuthenticatorBase.invoke(AuthenticatorBase.java:462)
	at org.apache.catalina.core.StandardHostValve.invoke(StandardHostValve.java:164)
	at org.apache.catalina.valves.ErrorReportValve.invoke(ErrorReportValve.java:100)
	at org.apache.catalina.core.StandardEngineValve.invoke(StandardEngineValve.java:118)
	at org.apache.catalina.connector.CoyoteAdapter.service(CoyoteAdapter.java:403)
	at org.apache.coyote.http11.Http11Processor.process(Http11Processor.java:301)
	at org.apache.coyote.http11.Http11Protocol$Http11ConnectionHandler.process(Http11Protocol.java:162)
	at org.apache.tomcat.util.net.JIoEndpoint$SocketProcessor.run(JIoEndpoint.java:309)
	at java.util.concurrent.ThreadPoolExecutor$Worker.runTask(ThreadPoolExecutor.java:886)
	at java.util.concurrent.ThreadPoolExecutor$Worker.run(ThreadPoolExecutor.java:908)
	at java.lang.Thread.run(Thread.java:680)
2011-09-20 00:06:26,328 ["http-bio-8080"-exec-7] ERROR StackTrace  - Full Stack Trace:
groovy.lang.MissingMethodException: No signature of method: jugmotors.Pedido.addToOpcionais() is applicable for argument types: (jugmotors.Opcional) values: [jugmotors.Opcional(Teto solar, 4500.00)]
Possible solutions: getOpcionais()
	at jugmotors.PedidoController.save(PedidoController.groovy:36)
	at java.util.concurrent.ThreadPoolExecutor$Worker.runTask(ThreadPoolExecutor.java:886)
	at java.util.concurrent.ThreadPoolExecutor$Worker.run(ThreadPoolExecutor.java:908)
	at java.lang.Thread.run(Thread.java:680)
2011-09-20 00:06:26,397 ["http-bio-8080"-exec-7] ERROR StackTrace  - Full Stack Trace:
groovy.lang.MissingMethodException: No signature of method: jugmotors.Pedido.addToOpcionais() is applicable for argument types: (jugmotors.Opcional) values: [jugmotors.Opcional(Teto solar, 4500.00)]
Possible solutions: getOpcionais()
	at jugmotors.PedidoController.save(PedidoController.groovy:36)
	at java.util.concurrent.ThreadPoolExecutor$Worker.runTask(ThreadPoolExecutor.java:886)
	at java.util.concurrent.ThreadPoolExecutor$Worker.run(ThreadPoolExecutor.java:908)
	at java.lang.Thread.run(Thread.java:680)
2011-09-20 00:06:26,398 ["http-bio-8080"-exec-7] ERROR StackTrace  - Full Stack Trace:
groovy.lang.MissingMethodException: No signature of method: jugmotors.Pedido.addToOpcionais() is applicable for argument types: (jugmotors.Opcional) values: [jugmotors.Opcional(Teto solar, 4500.00)]
Possible solutions: getOpcionais()
	at jugmotors.PedidoController.save(PedidoController.groovy:36)
	at java.util.concurrent.ThreadPoolExecutor$Worker.runTask(ThreadPoolExecutor.java:886)
	at java.util.concurrent.ThreadPoolExecutor$Worker.run(ThreadPoolExecutor.java:908)
	at java.lang.Thread.run(Thread.java:680)
2011-09-20 00:06:26,400 ["http-bio-8080"-exec-7] ERROR StackTrace  - Full Stack Trace:
groovy.lang.MissingMethodException: No signature of method: jugmotors.Pedido.addToOpcionais() is applicable for argument types: (jugmotors.Opcional) values: [jugmotors.Opcional(Teto solar, 4500.00)]
Possible solutions: getOpcionais()
	at jugmotors.PedidoController.save(PedidoController.groovy:36)
	at java.util.concurrent.ThreadPoolExecutor$Worker.runTask(ThreadPoolExecutor.java:886)
	at java.util.concurrent.ThreadPoolExecutor$Worker.run(ThreadPoolExecutor.java:908)
	at java.lang.Thread.run(Thread.java:680)
2011-09-20 00:06:26,402 ["http-bio-8080"-exec-7] ERROR StackTrace  - Full Stack Trace:
groovy.lang.MissingMethodException: No signature of method: jugmotors.Pedido.addToOpcionais() is applicable for argument types: (jugmotors.Opcional) values: [jugmotors.Opcional(Teto solar, 4500.00)]
Possible solutions: getOpcionais()
	at jugmotors.PedidoController.save(PedidoController.groovy:36)
	at java.util.concurrent.ThreadPoolExecutor$Worker.runTask(ThreadPoolExecutor.java:886)
	at java.util.concurrent.ThreadPoolExecutor$Worker.run(ThreadPoolExecutor.java:908)
	at java.lang.Thread.run(Thread.java:680)
